<?xml version="1.0" encoding="UTF-8"?>
<!-- Generated by org.testng.reporters.JUnitReportReporter -->
<testsuite skipped="0" hostname="LAPTOP-NDRUD67L" name="test.NewDepositTest" tests="1" failures="0" timestamp="2020-02-21T22:09:47 CST" time="41.990" errors="0">
  <testcase name="userShouldBeAbleToAddDeposit" time="41.990" classname="test.NewDepositTest"/>
</testsuite> <!-- test.NewDepositTest -->
